DEBUG:root:Changing Name
DEBUG:root:Request Recebida
DEBUG:root:Changing Name
DEBUG:root:Request Vazia
DEBUG:root:Changing Name
DEBUG:root:Request Recebida
DEBUG:root:Utilizando novo método
DEBUG:root:Changing Name
DEBUG:root:Request Vazia
DEBUG:root:Changing Name
DEBUG:root:Request Recebida
DEBUG:root:Utilizando novo método
DEBUG:root:Changing Name
DEBUG:root:Request Vazia
DEBUG:root:Changing Name
DEBUG:root:Request Recebida
DEBUG:root:Utilizando novo metodo
DEBUG:root:Changing Name
DEBUG:root:Request Recebida
DEBUG:root:Changing Name
DEBUG:root:Request Recebida
DEBUG:root:Changing Name
DEBUG:root:Request Recebida
DEBUG:root:Changing Name
DEBUG:root:Request Vazia
DEBUG:root:Changing Name
DEBUG:root:Request Recebida
DEBUG:root:Utilizando novo metodo
DEBUG:root:Changing Name
DEBUG:root:Request Vazia
DEBUG:root:Changing Name
DEBUG:root:Request Recebida
DEBUG:root:Utilizando novo metodo
DEBUG:root:Changing Name
DEBUG:root:Request Recebida
DEBUG:root:Utilizando novo metodo
DEBUG:root:Changing Name
DEBUG:root:Request Vazia
DEBUG:root:Changing Name
DEBUG:root:Request Recebida
DEBUG:root:Changing Name
DEBUG:root:Request Recebida
DEBUG:root:Changing Name
DEBUG:root:Request Recebida
DEBUG:root:Changing Name
DEBUG:root:Request Vazia
DEBUG:root:Changing Name
DEBUG:root:Request Vazia
DEBUG:root:Changing Name
DEBUG:root:Request Recebida
DEBUG:root:Utilizando novo metodo
DEBUG:root:Changing Name
DEBUG:root:Request Recebida
DEBUG:root:Changing Name
DEBUG:root:Request Vazia
DEBUG:root:Changing Name
DEBUG:root:Request Recebida
DEBUG:root:Utilizando novo metodo
DEBUG:root:Changing Name
DEBUG:root:Request Recebida
DEBUG:root:Utilizando novo metodo
DEBUG:root:Changing Name
DEBUG:root:Request Recebida
DEBUG:root:Utilizando novo metodo
DEBUG:root:Changing Name
DEBUG:root:Request Recebida
DEBUG:root:Changing Name
DEBUG:root:Request Vazia
DEBUG:root:Changing Name
DEBUG:root:Request Vazia
DEBUG:root:Changing Name
DEBUG:root:Request Recebida
DEBUG:root:Utilizando novo metodo
DEBUG:root:Changing Name
DEBUG:root:Request Recebida
DEBUG:root:Changing Name
DEBUG:root:Request Vazia
DEBUG:root:Changing Name
DEBUG:root:Request Recebida
DEBUG:root:Changing Name
DEBUG:root:Request Vazia
DEBUG:root:Changing Name
DEBUG:root:Request Recebida
DEBUG:root:Utilizando novo metodo
DEBUG:root:Changing Name
DEBUG:root:Request Recebida
DEBUG:root:Changing Name
DEBUG:root:Request Recebida
DEBUG:root:Changing Name
DEBUG:root:Request Recebida
DEBUG:root:Utilizando novo metodo
DEBUG:root:Changing Name
DEBUG:root:Request Recebida
DEBUG:root:Utilizando novo metodo
DEBUG:root:Changing Name
DEBUG:root:Request Recebida
DEBUG:root:Utilizando novo metodo
DEBUG:root:Changing Name
DEBUG:root:Request Recebida
DEBUG:root:Utilizando novo metodo
DEBUG:root:Changing Name
DEBUG:root:Request Recebida
DEBUG:root:Changing Name
DEBUG:root:Request Recebida
DEBUG:root:Changing Name
DEBUG:root:Request Vazia
DEBUG:root:Changing Name
DEBUG:root:Request Recebida
DEBUG:root:Utilizando novo metodo
DEBUG:root:Changing Name
DEBUG:root:Request Recebida
DEBUG:root:Utilizando novo metodo
DEBUG:root:Changing Name
DEBUG:root:Request Vazia
DEBUG:root:Changing Name
DEBUG:root:Request Recebida
DEBUG:root:Utilizando novo metodo
DEBUG:root:Changing Name
DEBUG:root:Request Recebida
DEBUG:root:Utilizando novo metodo
DEBUG:root:Changing Name
DEBUG:root:Request Recebida
DEBUG:root:Utilizando novo metodo
DEBUG:root:Changing Name
DEBUG:root:Request Recebida
DEBUG:root:Utilizando novo metodo
DEBUG:root:Changing Name
DEBUG:root:Request Recebida
DEBUG:root:Utilizando novo metodo
DEBUG:root:Changing Name
DEBUG:root:Request Recebida
DEBUG:root:Utilizando novo metodo
DEBUG:root:Changing Name
DEBUG:root:Request Vazia
DEBUG:root:Changing Name
DEBUG:root:Request Recebida
DEBUG:root:Utilizando novo metodo
DEBUG:root:Changing Name
DEBUG:root:Request Recebida
DEBUG:root:Utilizando novo metodo
DEBUG:root:Changing Name
DEBUG:root:Request Recebida
DEBUG:root:Utilizando novo metodo
DEBUG:root:Changing Name
DEBUG:root:Request Recebida
DEBUG:root:Utilizando novo metodo
DEBUG:root:Changing Name
DEBUG:root:Request Recebida
DEBUG:root:Utilizando novo metodo
DEBUG:root:Changing Name
DEBUG:root:Request Recebida
DEBUG:root:Utilizando novo metodo
DEBUG:root:Changing Name
DEBUG:root:Request Recebida
DEBUG:root:Utilizando novo metodo
DEBUG:root:Changing Name
DEBUG:root:Request Recebida
DEBUG:root:Utilizando novo metodo
DEBUG:root:Changing Name
DEBUG:root:Request Recebida
DEBUG:root:Utilizando novo metodo
DEBUG:root:Changing Name
DEBUG:root:Request Recebida
DEBUG:root:Changing Name
DEBUG:root:Request Vazia
DEBUG:root:Changing Name
DEBUG:root:Request Vazia
DEBUG:root:Changing Name
DEBUG:root:Request Vazia
DEBUG:root:Changing Name
DEBUG:root:Request Vazia
DEBUG:root:Changing Name
DEBUG:root:Request Recebida
DEBUG:root:Utilizando novo metodo
DEBUG:root:Changing Name
DEBUG:root:Request Recebida
DEBUG:root:Utilizando novo metodo
